#! /usr/bin/vvp
:ivl_version "11.0 (stable)";
:ivl_delay_selection "TYPICAL";
:vpi_time_precision + 0;
:vpi_module "/usr/lib/x86_64-linux-gnu/ivl/system.vpi";
:vpi_module "/usr/lib/x86_64-linux-gnu/ivl/vhdl_sys.vpi";
:vpi_module "/usr/lib/x86_64-linux-gnu/ivl/vhdl_textio.vpi";
:vpi_module "/usr/lib/x86_64-linux-gnu/ivl/v2005_math.vpi";
:vpi_module "/usr/lib/x86_64-linux-gnu/ivl/va_math.vpi";
S_0x55cd438891c0 .scope module, "fa32bit_tb" "fa32bit_tb" 2 3;
 .timescale 0 0;
P_0x55cd43889350 .param/l "n" 0 2 4, +C4<00000000000000000000000000100000>;
v0x55cd438a1430_0 .var "a", 31 0;
v0x55cd438a1510_0 .var "b", 31 0;
v0x55cd438a15b0_0 .var "cin", 0 0;
v0x55cd438a1650_0 .var "clk", 0 0;
v0x55cd438a1720_0 .net "cout", 0 0, v0x55cd438a0e50_0;  1 drivers
v0x55cd438a17c0_0 .net "s", 31 0, L_0x55cd438a1890;  1 drivers
S_0x55cd438893f0 .scope module, "inst" "fa32bit" 2 12, 3 1 0, S_0x55cd438891c0;
 .timescale 0 0;
    .port_info 0 /OUTPUT 32 "s";
    .port_info 1 /OUTPUT 1 "cout";
    .port_info 2 /INPUT 32 "a";
    .port_info 3 /INPUT 32 "b";
    .port_info 4 /INPUT 1 "cin";
    .port_info 5 /INPUT 1 "clk";
v0x55cd43872960_0 .net "a", 31 0, v0x55cd438a1430_0;  1 drivers
v0x55cd43872f20_0 .var "a1", 7 0;
v0x55cd438734e0_0 .var "a2", 7 0;
v0x55cd438a0360_0 .var "a3", 7 0;
v0x55cd438a0440_0 .var "a4", 7 0;
v0x55cd438a0570_0 .net "b", 31 0, v0x55cd438a1510_0;  1 drivers
v0x55cd438a0650_0 .var "b1", 7 0;
v0x55cd438a0730_0 .var "b2", 7 0;
v0x55cd438a0810_0 .var "b3", 7 0;
v0x55cd438a08f0_0 .var "b4", 7 0;
v0x55cd438a09d0_0 .var "c1", 0 0;
v0x55cd438a0a90_0 .var "c2", 0 0;
v0x55cd438a0b50_0 .var "c3", 0 0;
v0x55cd438a0c10_0 .var "ci", 0 0;
v0x55cd438a0cd0_0 .net "cin", 0 0, v0x55cd438a15b0_0;  1 drivers
v0x55cd438a0d90_0 .net "clk", 0 0, v0x55cd438a1650_0;  1 drivers
v0x55cd438a0e50_0 .var "cout", 0 0;
v0x55cd438a0f10_0 .net "s", 31 0, L_0x55cd438a1890;  alias, 1 drivers
v0x55cd438a0ff0_0 .var "s1", 7 0;
v0x55cd438a10d0_0 .var "s2", 7 0;
v0x55cd438a11b0_0 .var "s3", 7 0;
v0x55cd438a1290_0 .var "s4", 7 0;
E_0x55cd438495c0 .event posedge, v0x55cd438a0d90_0;
L_0x55cd438a1890 .concat [ 8 8 8 8], v0x55cd438a0ff0_0, v0x55cd438a10d0_0, v0x55cd438a11b0_0, v0x55cd438a1290_0;
    .scope S_0x55cd438893f0;
T_0 ;
    %wait E_0x55cd438495c0;
    %load/vec4 v0x55cd43872960_0;
    %parti/s 8, 0, 2;
    %assign/vec4 v0x55cd43872f20_0, 0;
    %load/vec4 v0x55cd43872960_0;
    %parti/s 8, 8, 5;
    %assign/vec4 v0x55cd438734e0_0, 0;
    %load/vec4 v0x55cd43872960_0;
    %parti/s 8, 16, 6;
    %assign/vec4 v0x55cd438a0360_0, 0;
    %load/vec4 v0x55cd43872960_0;
    %parti/s 8, 24, 6;
    %assign/vec4 v0x55cd438a0440_0, 0;
    %load/vec4 v0x55cd438a0570_0;
    %parti/s 8, 0, 2;
    %assign/vec4 v0x55cd438a0650_0, 0;
    %load/vec4 v0x55cd438a0570_0;
    %parti/s 8, 8, 5;
    %assign/vec4 v0x55cd438a0730_0, 0;
    %load/vec4 v0x55cd438a0570_0;
    %parti/s 8, 16, 6;
    %assign/vec4 v0x55cd438a0810_0, 0;
    %load/vec4 v0x55cd438a0570_0;
    %parti/s 8, 24, 6;
    %assign/vec4 v0x55cd438a08f0_0, 0;
    %load/vec4 v0x55cd438a0cd0_0;
    %assign/vec4 v0x55cd438a0c10_0, 0;
    %jmp T_0;
    .thread T_0;
    .scope S_0x55cd438893f0;
T_1 ;
    %wait E_0x55cd438495c0;
    %load/vec4 v0x55cd43872f20_0;
    %pad/u 9;
    %load/vec4 v0x55cd438a0650_0;
    %pad/u 9;
    %add;
    %load/vec4 v0x55cd438a0c10_0;
    %pad/u 9;
    %add;
    %split/vec4 8;
    %assign/vec4 v0x55cd438a0ff0_0, 0;
    %assign/vec4 v0x55cd438a09d0_0, 0;
    %jmp T_1;
    .thread T_1;
    .scope S_0x55cd438893f0;
T_2 ;
    %wait E_0x55cd438495c0;
    %load/vec4 v0x55cd438734e0_0;
    %pad/u 9;
    %load/vec4 v0x55cd438a0730_0;
    %pad/u 9;
    %add;
    %load/vec4 v0x55cd438a09d0_0;
    %pad/u 9;
    %add;
    %split/vec4 8;
    %assign/vec4 v0x55cd438a10d0_0, 0;
    %assign/vec4 v0x55cd438a0a90_0, 0;
    %jmp T_2;
    .thread T_2;
    .scope S_0x55cd438893f0;
T_3 ;
    %wait E_0x55cd438495c0;
    %load/vec4 v0x55cd438a0360_0;
    %pad/u 9;
    %load/vec4 v0x55cd438a0810_0;
    %pad/u 9;
    %add;
    %load/vec4 v0x55cd438a0a90_0;
    %pad/u 9;
    %add;
    %split/vec4 8;
    %assign/vec4 v0x55cd438a11b0_0, 0;
    %assign/vec4 v0x55cd438a0b50_0, 0;
    %jmp T_3;
    .thread T_3;
    .scope S_0x55cd438893f0;
T_4 ;
    %wait E_0x55cd438495c0;
    %load/vec4 v0x55cd438a0440_0;
    %pad/u 9;
    %load/vec4 v0x55cd438a08f0_0;
    %pad/u 9;
    %add;
    %load/vec4 v0x55cd438a0b50_0;
    %pad/u 9;
    %add;
    %split/vec4 8;
    %assign/vec4 v0x55cd438a1290_0, 0;
    %assign/vec4 v0x55cd438a0e50_0, 0;
    %jmp T_4;
    .thread T_4;
    .scope S_0x55cd438891c0;
T_5 ;
    %vpi_call 2 22 "$dumpfile", "dump.vcd" {0 0 0};
    %vpi_call 2 23 "$dumpvars", 32'sb00000000000000000000000000000001 {0 0 0};
    %pushi/vec4 0, 0, 32;
    %store/vec4 v0x55cd438a1430_0, 0, 32;
    %pushi/vec4 0, 0, 32;
    %store/vec4 v0x55cd438a1510_0, 0, 32;
    %pushi/vec4 0, 0, 1;
    %store/vec4 v0x55cd438a1650_0, 0, 1;
    %pushi/vec4 0, 0, 1;
    %store/vec4 v0x55cd438a15b0_0, 0, 1;
    %end;
    .thread T_5;
    .scope S_0x55cd438891c0;
T_6 ;
    %delay 35, 0;
    %load/vec4 v0x55cd438a1430_0;
    %addi 1, 0, 32;
    %store/vec4 v0x55cd438a1430_0, 0, 32;
    %jmp T_6;
    .thread T_6;
    .scope S_0x55cd438891c0;
T_7 ;
    %delay 35, 0;
    %load/vec4 v0x55cd438a1510_0;
    %addi 1, 0, 32;
    %store/vec4 v0x55cd438a1510_0, 0, 32;
    %jmp T_7;
    .thread T_7;
    .scope S_0x55cd438891c0;
T_8 ;
    %delay 1, 0;
    %load/vec4 v0x55cd438a1650_0;
    %inv;
    %store/vec4 v0x55cd438a1650_0, 0, 1;
    %jmp T_8;
    .thread T_8;
    .scope S_0x55cd438891c0;
T_9 ;
    %delay 1500, 0;
    %vpi_call 2 33 "$finish" {0 0 0};
    %end;
    .thread T_9;
# The file index is used to find the file name in the following table.
:file_names 4;
    "N/A";
    "<interactive>";
    "fa32bit_tb.v";
    "fa32bit.v";
